<?xml version="1.0" encoding="UTF-8"?>
<testng-results skipped="0" failed="0" ignored="0" total="1" passed="1">
  <reporter-output>
    <line>
      <![CDATA[Title is matching:actiTIME - Login]]>
    </line>
    <line>
      <![CDATA[valid user name is :admin]]>
    </line>
    <line>
      <![CDATA[valid password is :manager]]>
    </line>
    <line>
      <![CDATA[Title is matching:actiTIME - Enter Time-Track]]>
    </line>
    <line>
      <![CDATA[Element is present]]>
    </line>
    <line>
      <![CDATA[Expected Build number:(build 40469)]]>
    </line>
    <line>
      <![CDATA[Actual Build number(build 40469)]]>
    </line>
    <line>
      <![CDATA[Build number is matching...........]]>
    </line>
  </reporter-output>
  <suite name="Default suite" duration-ms="47282" started-at="2018-10-29T11:49:09Z" finished-at="2018-10-29T11:49:56Z">
    <groups>
    </groups>
    <test name="Default test" duration-ms="47282" started-at="2018-10-29T11:49:09Z" finished-at="2018-10-29T11:49:56Z">
      <class name="com.actitime.tests.VerifyBuildNumberTest">
        <test-method status="PASS" signature="preCondition()[pri:0, instance:com.actitime.tests.VerifyBuildNumberTest@80503]" name="preCondition" is-config="true" duration-ms="35515" started-at="2018-10-29T11:49:09Z" finished-at="2018-10-29T11:49:44Z">
          <reporter-output>
          </reporter-output>
        </test-method> <!-- preCondition -->
        <test-method status="PASS" signature="testVerifyBuildNumber()[pri:4, instance:com.actitime.tests.VerifyBuildNumberTest@80503]" name="testVerifyBuildNumber" duration-ms="11462" started-at="2018-10-29T11:49:44Z" finished-at="2018-10-29T11:49:56Z">
          <reporter-output>
            <line>
              <![CDATA[Title is matching:actiTIME - Login]]>
            </line>
            <line>
              <![CDATA[valid user name is :admin]]>
            </line>
            <line>
              <![CDATA[valid password is :manager]]>
            </line>
            <line>
              <![CDATA[Title is matching:actiTIME - Enter Time-Track]]>
            </line>
            <line>
              <![CDATA[Element is present]]>
            </line>
            <line>
              <![CDATA[Expected Build number:(build 40469)]]>
            </line>
            <line>
              <![CDATA[Actual Build number(build 40469)]]>
            </line>
            <line>
              <![CDATA[Build number is matching...........]]>
            </line>
          </reporter-output>
        </test-method> <!-- testVerifyBuildNumber -->
        <test-method status="PASS" signature="postCondition(org.testng.ITestResult)[pri:0, instance:com.actitime.tests.VerifyBuildNumberTest@80503]" name="postCondition" is-config="true" duration-ms="279" started-at="2018-10-29T11:49:56Z" finished-at="2018-10-29T11:49:56Z">
          <params>
            <param index="0">
              <value>
                <![CDATA[[TestResult name=testVerifyBuildNumber status=SUCCESS method=VerifyBuildNumberTest.testVerifyBuildNumber()[pri:4, instance:com.actitime.tests.VerifyBuildNumberTest@80503] output=Title is matching:actiTIME - Login]]]>
              </value>
            </param>
          </params>
          <reporter-output>
          </reporter-output>
        </test-method> <!-- postCondition -->
      </class> <!-- com.actitime.tests.VerifyBuildNumberTest -->
    </test> <!-- Default test -->
  </suite> <!-- Default suite -->
</testng-results>
